<?xml version="1.0" encoding="UTF-8"?>
<!-- Generated by org.testng.reporters.JUnitXMLReporter -->
<testsuite hostname="DESKTOP-TMQM6DS" ignored="7" name="Application Form on Safari" tests="6" failures="5" timestamp="30 Nov 2017 12:45:36 GMT" time="0.644" errors="0">
  <testcase name="@BeforeClass selectBrowser" time="0.0" classname="whitefeather.xedge.testcases.OpenApplicationFormLandingPage">
    <failure type="java.lang.NoClassDefFoundError" message="org/openqa/selenium/MutableCapabilities">
      <![CDATA[java.lang.NoClassDefFoundError: org/openqa/selenium/MutableCapabilities
	at java.lang.ClassLoader.defineClass1(Native Method)
	at java.lang.ClassLoader.defineClass(Unknown Source)
	at java.security.SecureClassLoader.defineClass(Unknown Source)
	at java.net.URLClassLoader.defineClass(Unknown Source)
	at java.net.URLClassLoader.access$100(Unknown Source)
	at java.net.URLClassLoader$1.run(Unknown Source)
	at java.net.URLClassLoader$1.run(Unknown Source)
	at java.security.AccessController.doPrivileged(Native Method)
	at java.net.URLClassLoader.findClass(Unknown Source)
	at java.lang.ClassLoader.loadClass(Unknown Source)
	at sun.misc.Launcher$AppClassLoader.loadClass(Unknown Source)
	at java.lang.ClassLoader.loadClass(Unknown Source)
	at org.openqa.selenium.safari.SafariDriver.<init>(SafariDriver.java:38)
	at whitefeather.xedge.appconfig.ConfigMethods.OpenBrowser(ConfigMethods.java:62)
	at whitefeather.xedge.facilitator.HelperHand.setUpTestSuit(HelperHand.java:81)
	at whitefeather.xedge.testcases.OpenApplicationFormLandingPage.selectBrowser(OpenApplicationFormLandingPage.java:20)
Caused by: java.lang.ClassNotFoundException: org.openqa.selenium.MutableCapabilities
	at java.net.URLClassLoader.findClass(Unknown Source)
	at java.lang.ClassLoader.loadClass(Unknown Source)
	at sun.misc.Launcher$AppClassLoader.loadClass(Unknown Source)
	at java.lang.ClassLoader.loadClass(Unknown Source)
	... 41 more
... Removed 25 stack frames]]>
    </failure>
  </testcase> <!-- @BeforeClass selectBrowser -->
  <testcase name="openAppForm" time="0.0" classname="whitefeather.xedge.testcases.OpenApplicationFormLandingPage">
    <skipped/>
  </testcase> <!-- openAppForm -->
  <testcase name="enterFullName" time="0.52" classname="whitefeather.xedge.testcases.GenerateLeadForApplicationForm">
    <failure type="java.lang.NullPointerException">
      <![CDATA[java.lang.NullPointerException
	at whitefeather.xedge.core.Page_GenerateLeadApplicationForm.displayFullNameInputField(Page_GenerateLeadApplicationForm.java:22)
	at whitefeather.xedge.testcases.GenerateLeadForApplicationForm.enterFullName(GenerateLeadForApplicationForm.java:31)
... Removed 25 stack frames]]>
    </failure>
  </testcase> <!-- enterFullName -->
  <testcase name="enterMobileNumber" time="0.0" classname="whitefeather.xedge.testcases.GenerateLeadForApplicationForm">
    <failure type="java.lang.NullPointerException">
      <![CDATA[java.lang.NullPointerException
	at whitefeather.xedge.core.Page_GenerateLeadApplicationForm.displayMobileNumberInputField(Page_GenerateLeadApplicationForm.java:32)
	at whitefeather.xedge.testcases.GenerateLeadForApplicationForm.enterMobileNumber(GenerateLeadForApplicationForm.java:65)
... Removed 25 stack frames]]>
    </failure>
  </testcase> <!-- enterMobileNumber -->
  <testcase name="enterEmailAddress" time="0.0" classname="whitefeather.xedge.testcases.GenerateLeadForApplicationForm">
    <failure type="java.lang.NullPointerException">
      <![CDATA[java.lang.NullPointerException
	at whitefeather.xedge.core.Page_GenerateLeadApplicationForm.displayEmailInputField(Page_GenerateLeadApplicationForm.java:42)
	at whitefeather.xedge.testcases.GenerateLeadForApplicationForm.enterEmailAddress(GenerateLeadForApplicationForm.java:49)
... Removed 25 stack frames]]>
    </failure>
  </testcase> <!-- enterEmailAddress -->
  <testcase name="provideEntity" time="0.016" classname="whitefeather.xedge.testcases.GenerateLeadForApplicationForm">
    <failure type="java.lang.NullPointerException">
      <![CDATA[java.lang.NullPointerException
	at com.google.common.base.Preconditions.checkNotNull(Preconditions.java:770)
	at org.openqa.selenium.interactions.Actions.<init>(Actions.java:68)
	at whitefeather.xedge.testcases.GenerateLeadForApplicationForm.provideEntity(GenerateLeadForApplicationForm.java:114)
... Removed 25 stack frames]]>
    </failure>
  </testcase> <!-- provideEntity -->
  <testcase name="clickSubmitButton" time="0.0" classname="whitefeather.xedge.testcases.GenerateLeadForApplicationForm">
    <failure type="java.lang.NullPointerException">
      <![CDATA[java.lang.NullPointerException
	at whitefeather.xedge.core.Page_GenerateLeadApplicationForm.displaySubmitButton(Page_GenerateLeadApplicationForm.java:72)
	at whitefeather.xedge.testcases.GenerateLeadForApplicationForm.clickSubmitButton(GenerateLeadForApplicationForm.java:157)
... Removed 25 stack frames]]>
    </failure>
  </testcase> <!-- clickSubmitButton -->
  <testcase name="validateEntityValue" time="0.0" classname="whitefeather.xedge.testcases.GenerateLeadForApplicationForm">
    <ignored/>
  </testcase> <!-- validateEntityValue -->
  <testcase name="validateLeadFirstName" time="0.0" classname="whitefeather.xedge.testcases.GenerateLeadForApplicationForm">
    <ignored/>
  </testcase> <!-- validateLeadFirstName -->
  <testcase name="enterMobileNumberManually" time="0.0" classname="whitefeather.xedge.testcases.GenerateLeadForApplicationForm">
    <ignored/>
  </testcase> <!-- enterMobileNumberManually -->
  <testcase name="validateLeadEmailAddress" time="0.0" classname="whitefeather.xedge.testcases.GenerateLeadForApplicationForm">
    <ignored/>
  </testcase> <!-- validateLeadEmailAddress -->
  <testcase name="validateLeadMobileNumber" time="0.0" classname="whitefeather.xedge.testcases.GenerateLeadForApplicationForm">
    <ignored/>
  </testcase> <!-- validateLeadMobileNumber -->
  <testcase name="enterEmailAddressManually" time="0.0" classname="whitefeather.xedge.testcases.GenerateLeadForApplicationForm">
    <ignored/>
  </testcase> <!-- enterEmailAddressManually -->
  <testcase name="validateLeadDetailsSuccessfulSumbission" time="0.0" classname="whitefeather.xedge.testcases.GenerateLeadForApplicationForm">
    <ignored/>
  </testcase> <!-- validateLeadDetailsSuccessfulSumbission -->
</testsuite> <!-- Application Form on Safari -->
