<?xml version="1.0" encoding="UTF-8"?>
<!-- Generated by org.testng.reporters.JUnitXMLReporter -->
<testsuite hostname="DESKTOP-TMQM6DS" ignored="55" name="Staging QA Application Form Test Validations" tests="108" failures="10" timestamp="27 Nov 2017 13:54:31 GMT" time="486.108" errors="0">
  <testcase name="openAppForm" time="40.283" classname="whitefeather.xedge.testcases.OpenApplicationFormLandingPage"/>
  <testcase name="enterFullName" time="0.81" classname="whitefeather.xedge.testcases.GenerateLeadForApplicationForm"/>
  <testcase name="enterMobileNumber" time="0.753" classname="whitefeather.xedge.testcases.GenerateLeadForApplicationForm"/>
  <testcase name="enterEmailAddress" time="1.337" classname="whitefeather.xedge.testcases.GenerateLeadForApplicationForm"/>
  <testcase name="provideEntity" time="0.284" classname="whitefeather.xedge.testcases.GenerateLeadForApplicationForm"/>
  <testcase name="clickSubmitButton" time="5.197" classname="whitefeather.xedge.testcases.GenerateLeadForApplicationForm"/>
  <testcase name="openDetailedApplicationFormPage" time="93.293" classname="whitefeather.xedge.testcases.FillUpApplicationForm"/>
  <testcase name="clickDateOfBirthInputField" time="89.415" classname="whitefeather.xedge.testcases.FillUpApplicationForm"/>
  <testcase name="provideDateOfBirth" time="4.013" classname="whitefeather.xedge.testcases.FillUpApplicationForm"/>
  <testcase name="providePlaceOfBirth" time="0.726" classname="whitefeather.xedge.testcases.FillUpApplicationForm"/>
  <testcase name="provideGender" time="0.32" classname="whitefeather.xedge.testcases.FillUpApplicationForm"/>
  <testcase name="provideBloodGroup" time="0.184" classname="whitefeather.xedge.testcases.FillUpApplicationForm"/>
  <testcase name="provideNationality" time="0.332" classname="whitefeather.xedge.testcases.FillUpApplicationForm"/>
  <testcase name="provideAadharNumber" time="0.103" classname="whitefeather.xedge.testcases.FillUpApplicationForm">
    <failure type="org.openqa.selenium.ElementNotVisibleException" message="element not visible
  (Session info: chrome=62.0.3202.94)
  (Driver info: chromedriver=2.33.506120 (e3e53437346286c0bc2d2dc9aa4915ba81d9023f),platform=Windows NT 10.0.10586 x86_64) (WARNING: The server did not provide any stacktrace information)
Command duration or timeout: 62 milliseconds
Build info: version: &amp;apos;3.4.0&amp;apos;, revision: &amp;apos;unknown&amp;apos;, time: &amp;apos;unknown&amp;apos;
System info: host: &amp;apos;DESKTOP-TMQM6DS&amp;apos;, ip: &amp;apos;192.168.0.2&amp;apos;, os.name: &amp;apos;Windows 10&amp;apos;, os.arch: &amp;apos;amd64&amp;apos;, os.version: &amp;apos;10.0&amp;apos;, java.version: &amp;apos;1.8.0_144&amp;apos;
Driver info: org.openqa.selenium.chrome.ChromeDriver
Capabilities [{applicationCacheEnabled=false, rotatable=false, mobileEmulationEnabled=false, networkConnectionEnabled=false, chrome={chromedriverVersion=2.33.506120 (e3e53437346286c0bc2d2dc9aa4915ba81d9023f), userDataDir=C:\Users\SHEKHA~1.DES\AppData\Local\Temp\scoped_dir12488_7940}, takesHeapSnapshot=true, pageLoadStrategy=normal, databaseEnabled=false, handlesAlerts=true, hasTouchScreen=false, version=62.0.3202.94, platform=XP, browserConnectionEnabled=false, nativeEvents=true, acceptSslCerts=true, locationContextEnabled=true, webStorageEnabled=true, browserName=chrome, takesScreenshot=true, javascriptEnabled=true, cssSelectorsEnabled=true, setWindowRect=true, unexpectedAlertBehaviour=}]
Session ID: 71435b20e86a022cb50a9f4f67d293b2">
      <![CDATA[org.openqa.selenium.ElementNotVisibleException: element not visible
  (Session info: chrome=62.0.3202.94)
  (Driver info: chromedriver=2.33.506120 (e3e53437346286c0bc2d2dc9aa4915ba81d9023f),platform=Windows NT 10.0.10586 x86_64) (WARNING: The server did not provide any stacktrace information)
Command duration or timeout: 62 milliseconds
Build info: version: '3.4.0', revision: 'unknown', time: 'unknown'
System info: host: 'DESKTOP-TMQM6DS', ip: '192.168.0.2', os.name: 'Windows 10', os.arch: 'amd64', os.version: '10.0', java.version: '1.8.0_144'
Driver info: org.openqa.selenium.chrome.ChromeDriver
Capabilities [{applicationCacheEnabled=false, rotatable=false, mobileEmulationEnabled=false, networkConnectionEnabled=false, chrome={chromedriverVersion=2.33.506120 (e3e53437346286c0bc2d2dc9aa4915ba81d9023f), userDataDir=C:\Users\SHEKHA~1.DES\AppData\Local\Temp\scoped_dir12488_7940}, takesHeapSnapshot=true, pageLoadStrategy=normal, databaseEnabled=false, handlesAlerts=true, hasTouchScreen=false, version=62.0.3202.94, platform=XP, browserConnectionEnabled=false, nativeEvents=true, acceptSslCerts=true, locationContextEnabled=true, webStorageEnabled=true, browserName=chrome, takesScreenshot=true, javascriptEnabled=true, cssSelectorsEnabled=true, setWindowRect=true, unexpectedAlertBehaviour=}]
Session ID: 71435b20e86a022cb50a9f4f67d293b2
	at org.openqa.selenium.remote.ErrorHandler.createThrowable(ErrorHandler.java:215)
	at org.openqa.selenium.remote.ErrorHandler.throwIfResponseFailed(ErrorHandler.java:167)
	at org.openqa.selenium.remote.RemoteWebDriver.execute(RemoteWebDriver.java:671)
	at org.openqa.selenium.remote.RemoteWebElement.execute(RemoteWebElement.java:272)
	at org.openqa.selenium.remote.RemoteWebElement.sendKeys(RemoteWebElement.java:96)
	at whitefeather.xedge.testcases.FillUpApplicationForm.provideAadharNumber(FillUpApplicationForm.java:173)
... Removed 29 stack frames]]>
    </failure>
  </testcase> <!-- provideAadharNumber -->
  <testcase name="providePassportNumber" time="0.515" classname="whitefeather.xedge.testcases.FillUpApplicationForm"/>
  <testcase name="providePlaceOfIssue" time="0.235" classname="whitefeather.xedge.testcases.FillUpApplicationForm"/>
  <testcase name="clickDateOfIssueInputField" time="0.19" classname="whitefeather.xedge.testcases.FillUpApplicationForm"/>
  <testcase name="provideDateOfIssue" time="3.866" classname="whitefeather.xedge.testcases.FillUpApplicationForm"/>
  <testcase name="clickExpiryDateInputField" time="0.241" classname="whitefeather.xedge.testcases.FillUpApplicationForm"/>
  <testcase name="provideExpiryDate" time="4.402" classname="whitefeather.xedge.testcases.FillUpApplicationForm"/>
  <testcase name="provideReligion" time="0.285" classname="whitefeather.xedge.testcases.FillUpApplicationForm"/>
  <testcase name="provideCitizenship" time="0.394" classname="whitefeather.xedge.testcases.FillUpApplicationForm"/>
  <testcase name="provideCaste" time="0.094" classname="whitefeather.xedge.testcases.FillUpApplicationForm"/>
  <testcase name="provideDomicile" time="0.104" classname="whitefeather.xedge.testcases.FillUpApplicationForm"/>
  <testcase name="provideCommunity" time="0.107" classname="whitefeather.xedge.testcases.FillUpApplicationForm"/>
  <testcase name="providePresentAddress" time="0.473" classname="whitefeather.xedge.testcases.FillUpApplicationForm"/>
  <testcase name="providePresentAddrCountry" time="1.214" classname="whitefeather.xedge.testcases.FillUpApplicationForm"/>
  <testcase name="providePresentAddrState" time="33.708" classname="whitefeather.xedge.testcases.FillUpApplicationForm"/>
  <testcase name="providePresentAddrCity" time="17.245" classname="whitefeather.xedge.testcases.FillUpApplicationForm"/>
  <testcase name="providePresentAddrPincode" time="0.389" classname="whitefeather.xedge.testcases.FillUpApplicationForm"/>
  <testcase name="providePresentAddrContactNumber" time="0.55" classname="whitefeather.xedge.testcases.FillUpApplicationForm"/>
  <testcase name="clickSameAddressCheckbox" time="0.205" classname="whitefeather.xedge.testcases.FillUpApplicationForm"/>
  <testcase name="providePermanentAddressAddress" time="0.155" classname="whitefeather.xedge.testcases.FillUpApplicationForm">
    <failure type="org.openqa.selenium.ElementNotVisibleException" message="element not visible
  (Session info: chrome=62.0.3202.94)
  (Driver info: chromedriver=2.33.506120 (e3e53437346286c0bc2d2dc9aa4915ba81d9023f),platform=Windows NT 10.0.10586 x86_64) (WARNING: The server did not provide any stacktrace information)
Command duration or timeout: 96 milliseconds
Build info: version: &amp;apos;3.4.0&amp;apos;, revision: &amp;apos;unknown&amp;apos;, time: &amp;apos;unknown&amp;apos;
System info: host: &amp;apos;DESKTOP-TMQM6DS&amp;apos;, ip: &amp;apos;192.168.0.2&amp;apos;, os.name: &amp;apos;Windows 10&amp;apos;, os.arch: &amp;apos;amd64&amp;apos;, os.version: &amp;apos;10.0&amp;apos;, java.version: &amp;apos;1.8.0_144&amp;apos;
Driver info: org.openqa.selenium.chrome.ChromeDriver
Capabilities [{applicationCacheEnabled=false, rotatable=false, mobileEmulationEnabled=false, networkConnectionEnabled=false, chrome={chromedriverVersion=2.33.506120 (e3e53437346286c0bc2d2dc9aa4915ba81d9023f), userDataDir=C:\Users\SHEKHA~1.DES\AppData\Local\Temp\scoped_dir12488_7940}, takesHeapSnapshot=true, pageLoadStrategy=normal, databaseEnabled=false, handlesAlerts=true, hasTouchScreen=false, version=62.0.3202.94, platform=XP, browserConnectionEnabled=false, nativeEvents=true, acceptSslCerts=true, locationContextEnabled=true, webStorageEnabled=true, browserName=chrome, takesScreenshot=true, javascriptEnabled=true, cssSelectorsEnabled=true, setWindowRect=true, unexpectedAlertBehaviour=}]
Session ID: 71435b20e86a022cb50a9f4f67d293b2">
      <![CDATA[org.openqa.selenium.ElementNotVisibleException: element not visible
  (Session info: chrome=62.0.3202.94)
  (Driver info: chromedriver=2.33.506120 (e3e53437346286c0bc2d2dc9aa4915ba81d9023f),platform=Windows NT 10.0.10586 x86_64) (WARNING: The server did not provide any stacktrace information)
Command duration or timeout: 96 milliseconds
Build info: version: '3.4.0', revision: 'unknown', time: 'unknown'
System info: host: 'DESKTOP-TMQM6DS', ip: '192.168.0.2', os.name: 'Windows 10', os.arch: 'amd64', os.version: '10.0', java.version: '1.8.0_144'
Driver info: org.openqa.selenium.chrome.ChromeDriver
Capabilities [{applicationCacheEnabled=false, rotatable=false, mobileEmulationEnabled=false, networkConnectionEnabled=false, chrome={chromedriverVersion=2.33.506120 (e3e53437346286c0bc2d2dc9aa4915ba81d9023f), userDataDir=C:\Users\SHEKHA~1.DES\AppData\Local\Temp\scoped_dir12488_7940}, takesHeapSnapshot=true, pageLoadStrategy=normal, databaseEnabled=false, handlesAlerts=true, hasTouchScreen=false, version=62.0.3202.94, platform=XP, browserConnectionEnabled=false, nativeEvents=true, acceptSslCerts=true, locationContextEnabled=true, webStorageEnabled=true, browserName=chrome, takesScreenshot=true, javascriptEnabled=true, cssSelectorsEnabled=true, setWindowRect=true, unexpectedAlertBehaviour=}]
Session ID: 71435b20e86a022cb50a9f4f67d293b2
	at org.openqa.selenium.remote.ErrorHandler.createThrowable(ErrorHandler.java:215)
	at org.openqa.selenium.remote.ErrorHandler.throwIfResponseFailed(ErrorHandler.java:167)
	at org.openqa.selenium.remote.RemoteWebDriver.execute(RemoteWebDriver.java:671)
	at org.openqa.selenium.remote.RemoteWebElement.execute(RemoteWebElement.java:272)
	at org.openqa.selenium.remote.RemoteWebElement.sendKeys(RemoteWebElement.java:96)
	at whitefeather.xedge.testcases.FillUpApplicationForm.providePermanentAddressAddress(FillUpApplicationForm.java:515)
... Removed 29 stack frames]]>
    </failure>
  </testcase> <!-- providePermanentAddressAddress -->
  <testcase name="providePermanentAddrCountry" time="0.332" classname="whitefeather.xedge.testcases.FillUpApplicationForm">
    <failure type="org.openqa.selenium.ElementNotVisibleException" message="element not visible: Element is not currently visible and may not be manipulated
  (Session info: chrome=62.0.3202.94)
  (Driver info: chromedriver=2.33.506120 (e3e53437346286c0bc2d2dc9aa4915ba81d9023f),platform=Windows NT 10.0.10586 x86_64) (WARNING: The server did not provide any stacktrace information)
Command duration or timeout: 78 milliseconds
Build info: version: &amp;apos;3.4.0&amp;apos;, revision: &amp;apos;unknown&amp;apos;, time: &amp;apos;unknown&amp;apos;
System info: host: &amp;apos;DESKTOP-TMQM6DS&amp;apos;, ip: &amp;apos;192.168.0.2&amp;apos;, os.name: &amp;apos;Windows 10&amp;apos;, os.arch: &amp;apos;amd64&amp;apos;, os.version: &amp;apos;10.0&amp;apos;, java.version: &amp;apos;1.8.0_144&amp;apos;
Driver info: org.openqa.selenium.chrome.ChromeDriver
Capabilities [{applicationCacheEnabled=false, rotatable=false, mobileEmulationEnabled=false, networkConnectionEnabled=false, chrome={chromedriverVersion=2.33.506120 (e3e53437346286c0bc2d2dc9aa4915ba81d9023f), userDataDir=C:\Users\SHEKHA~1.DES\AppData\Local\Temp\scoped_dir12488_7940}, takesHeapSnapshot=true, pageLoadStrategy=normal, databaseEnabled=false, handlesAlerts=true, hasTouchScreen=false, version=62.0.3202.94, platform=XP, browserConnectionEnabled=false, nativeEvents=true, acceptSslCerts=true, locationContextEnabled=true, webStorageEnabled=true, browserName=chrome, takesScreenshot=true, javascriptEnabled=true, cssSelectorsEnabled=true, setWindowRect=true, unexpectedAlertBehaviour=}]
Session ID: 71435b20e86a022cb50a9f4f67d293b2">
      <![CDATA[org.openqa.selenium.ElementNotVisibleException: element not visible: Element is not currently visible and may not be manipulated
  (Session info: chrome=62.0.3202.94)
  (Driver info: chromedriver=2.33.506120 (e3e53437346286c0bc2d2dc9aa4915ba81d9023f),platform=Windows NT 10.0.10586 x86_64) (WARNING: The server did not provide any stacktrace information)
Command duration or timeout: 78 milliseconds
Build info: version: '3.4.0', revision: 'unknown', time: 'unknown'
System info: host: 'DESKTOP-TMQM6DS', ip: '192.168.0.2', os.name: 'Windows 10', os.arch: 'amd64', os.version: '10.0', java.version: '1.8.0_144'
Driver info: org.openqa.selenium.chrome.ChromeDriver
Capabilities [{applicationCacheEnabled=false, rotatable=false, mobileEmulationEnabled=false, networkConnectionEnabled=false, chrome={chromedriverVersion=2.33.506120 (e3e53437346286c0bc2d2dc9aa4915ba81d9023f), userDataDir=C:\Users\SHEKHA~1.DES\AppData\Local\Temp\scoped_dir12488_7940}, takesHeapSnapshot=true, pageLoadStrategy=normal, databaseEnabled=false, handlesAlerts=true, hasTouchScreen=false, version=62.0.3202.94, platform=XP, browserConnectionEnabled=false, nativeEvents=true, acceptSslCerts=true, locationContextEnabled=true, webStorageEnabled=true, browserName=chrome, takesScreenshot=true, javascriptEnabled=true, cssSelectorsEnabled=true, setWindowRect=true, unexpectedAlertBehaviour=}]
Session ID: 71435b20e86a022cb50a9f4f67d293b2
	at org.openqa.selenium.remote.ErrorHandler.createThrowable(ErrorHandler.java:215)
	at org.openqa.selenium.remote.ErrorHandler.throwIfResponseFailed(ErrorHandler.java:167)
	at org.openqa.selenium.remote.RemoteWebDriver.execute(RemoteWebDriver.java:671)
	at org.openqa.selenium.remote.RemoteWebElement.execute(RemoteWebElement.java:272)
	at org.openqa.selenium.remote.RemoteWebElement.click(RemoteWebElement.java:82)
	at org.openqa.selenium.support.ui.Select.setSelected(Select.java:324)
	at org.openqa.selenium.support.ui.Select.selectByIndex(Select.java:179)
	at whitefeather.xedge.testcases.FillUpApplicationForm.providePermanentAddrCountry(FillUpApplicationForm.java:528)
... Removed 29 stack frames]]>
    </failure>
  </testcase> <!-- providePermanentAddrCountry -->
  <testcase name="providePermanentAddrState" time="0.388" classname="whitefeather.xedge.testcases.FillUpApplicationForm">
    <failure type="org.openqa.selenium.ElementNotVisibleException" message="element not visible: Element is not currently visible and may not be manipulated
  (Session info: chrome=62.0.3202.94)
  (Driver info: chromedriver=2.33.506120 (e3e53437346286c0bc2d2dc9aa4915ba81d9023f),platform=Windows NT 10.0.10586 x86_64) (WARNING: The server did not provide any stacktrace information)
Command duration or timeout: 63 milliseconds
Build info: version: &amp;apos;3.4.0&amp;apos;, revision: &amp;apos;unknown&amp;apos;, time: &amp;apos;unknown&amp;apos;
System info: host: &amp;apos;DESKTOP-TMQM6DS&amp;apos;, ip: &amp;apos;192.168.0.2&amp;apos;, os.name: &amp;apos;Windows 10&amp;apos;, os.arch: &amp;apos;amd64&amp;apos;, os.version: &amp;apos;10.0&amp;apos;, java.version: &amp;apos;1.8.0_144&amp;apos;
Driver info: org.openqa.selenium.chrome.ChromeDriver
Capabilities [{applicationCacheEnabled=false, rotatable=false, mobileEmulationEnabled=false, networkConnectionEnabled=false, chrome={chromedriverVersion=2.33.506120 (e3e53437346286c0bc2d2dc9aa4915ba81d9023f), userDataDir=C:\Users\SHEKHA~1.DES\AppData\Local\Temp\scoped_dir12488_7940}, takesHeapSnapshot=true, pageLoadStrategy=normal, databaseEnabled=false, handlesAlerts=true, hasTouchScreen=false, version=62.0.3202.94, platform=XP, browserConnectionEnabled=false, nativeEvents=true, acceptSslCerts=true, locationContextEnabled=true, webStorageEnabled=true, browserName=chrome, takesScreenshot=true, javascriptEnabled=true, cssSelectorsEnabled=true, setWindowRect=true, unexpectedAlertBehaviour=}]
Session ID: 71435b20e86a022cb50a9f4f67d293b2">
      <![CDATA[org.openqa.selenium.ElementNotVisibleException: element not visible: Element is not currently visible and may not be manipulated
  (Session info: chrome=62.0.3202.94)
  (Driver info: chromedriver=2.33.506120 (e3e53437346286c0bc2d2dc9aa4915ba81d9023f),platform=Windows NT 10.0.10586 x86_64) (WARNING: The server did not provide any stacktrace information)
Command duration or timeout: 63 milliseconds
Build info: version: '3.4.0', revision: 'unknown', time: 'unknown'
System info: host: 'DESKTOP-TMQM6DS', ip: '192.168.0.2', os.name: 'Windows 10', os.arch: 'amd64', os.version: '10.0', java.version: '1.8.0_144'
Driver info: org.openqa.selenium.chrome.ChromeDriver
Capabilities [{applicationCacheEnabled=false, rotatable=false, mobileEmulationEnabled=false, networkConnectionEnabled=false, chrome={chromedriverVersion=2.33.506120 (e3e53437346286c0bc2d2dc9aa4915ba81d9023f), userDataDir=C:\Users\SHEKHA~1.DES\AppData\Local\Temp\scoped_dir12488_7940}, takesHeapSnapshot=true, pageLoadStrategy=normal, databaseEnabled=false, handlesAlerts=true, hasTouchScreen=false, version=62.0.3202.94, platform=XP, browserConnectionEnabled=false, nativeEvents=true, acceptSslCerts=true, locationContextEnabled=true, webStorageEnabled=true, browserName=chrome, takesScreenshot=true, javascriptEnabled=true, cssSelectorsEnabled=true, setWindowRect=true, unexpectedAlertBehaviour=}]
Session ID: 71435b20e86a022cb50a9f4f67d293b2
	at org.openqa.selenium.remote.ErrorHandler.createThrowable(ErrorHandler.java:215)
	at org.openqa.selenium.remote.ErrorHandler.throwIfResponseFailed(ErrorHandler.java:167)
	at org.openqa.selenium.remote.RemoteWebDriver.execute(RemoteWebDriver.java:671)
	at org.openqa.selenium.remote.RemoteWebElement.execute(RemoteWebElement.java:272)
	at org.openqa.selenium.remote.RemoteWebElement.click(RemoteWebElement.java:82)
	at org.openqa.selenium.support.ui.Select.setSelected(Select.java:324)
	at org.openqa.selenium.support.ui.Select.selectByIndex(Select.java:179)
	at whitefeather.xedge.testcases.FillUpApplicationForm.providePermanentAddrState(FillUpApplicationForm.java:543)
... Removed 29 stack frames]]>
    </failure>
  </testcase> <!-- providePermanentAddrState -->
  <testcase name="providePermanentAddrCity" time="18.469" classname="whitefeather.xedge.testcases.FillUpApplicationForm">
    <failure type="org.openqa.selenium.ElementNotVisibleException" message="element not visible: Element is not currently visible and may not be manipulated
  (Session info: chrome=62.0.3202.94)
  (Driver info: chromedriver=2.33.506120 (e3e53437346286c0bc2d2dc9aa4915ba81d9023f),platform=Windows NT 10.0.10586 x86_64) (WARNING: The server did not provide any stacktrace information)
Command duration or timeout: 129 milliseconds
Build info: version: &amp;apos;3.4.0&amp;apos;, revision: &amp;apos;unknown&amp;apos;, time: &amp;apos;unknown&amp;apos;
System info: host: &amp;apos;DESKTOP-TMQM6DS&amp;apos;, ip: &amp;apos;192.168.0.2&amp;apos;, os.name: &amp;apos;Windows 10&amp;apos;, os.arch: &amp;apos;amd64&amp;apos;, os.version: &amp;apos;10.0&amp;apos;, java.version: &amp;apos;1.8.0_144&amp;apos;
Driver info: org.openqa.selenium.chrome.ChromeDriver
Capabilities [{applicationCacheEnabled=false, rotatable=false, mobileEmulationEnabled=false, networkConnectionEnabled=false, chrome={chromedriverVersion=2.33.506120 (e3e53437346286c0bc2d2dc9aa4915ba81d9023f), userDataDir=C:\Users\SHEKHA~1.DES\AppData\Local\Temp\scoped_dir12488_7940}, takesHeapSnapshot=true, pageLoadStrategy=normal, databaseEnabled=false, handlesAlerts=true, hasTouchScreen=false, version=62.0.3202.94, platform=XP, browserConnectionEnabled=false, nativeEvents=true, acceptSslCerts=true, locationContextEnabled=true, webStorageEnabled=true, browserName=chrome, takesScreenshot=true, javascriptEnabled=true, cssSelectorsEnabled=true, setWindowRect=true, unexpectedAlertBehaviour=}]
Session ID: 71435b20e86a022cb50a9f4f67d293b2">
      <![CDATA[org.openqa.selenium.ElementNotVisibleException: element not visible: Element is not currently visible and may not be manipulated
  (Session info: chrome=62.0.3202.94)
  (Driver info: chromedriver=2.33.506120 (e3e53437346286c0bc2d2dc9aa4915ba81d9023f),platform=Windows NT 10.0.10586 x86_64) (WARNING: The server did not provide any stacktrace information)
Command duration or timeout: 129 milliseconds
Build info: version: '3.4.0', revision: 'unknown', time: 'unknown'
System info: host: 'DESKTOP-TMQM6DS', ip: '192.168.0.2', os.name: 'Windows 10', os.arch: 'amd64', os.version: '10.0', java.version: '1.8.0_144'
Driver info: org.openqa.selenium.chrome.ChromeDriver
Capabilities [{applicationCacheEnabled=false, rotatable=false, mobileEmulationEnabled=false, networkConnectionEnabled=false, chrome={chromedriverVersion=2.33.506120 (e3e53437346286c0bc2d2dc9aa4915ba81d9023f), userDataDir=C:\Users\SHEKHA~1.DES\AppData\Local\Temp\scoped_dir12488_7940}, takesHeapSnapshot=true, pageLoadStrategy=normal, databaseEnabled=false, handlesAlerts=true, hasTouchScreen=false, version=62.0.3202.94, platform=XP, browserConnectionEnabled=false, nativeEvents=true, acceptSslCerts=true, locationContextEnabled=true, webStorageEnabled=true, browserName=chrome, takesScreenshot=true, javascriptEnabled=true, cssSelectorsEnabled=true, setWindowRect=true, unexpectedAlertBehaviour=}]
Session ID: 71435b20e86a022cb50a9f4f67d293b2
	at org.openqa.selenium.remote.ErrorHandler.createThrowable(ErrorHandler.java:215)
	at org.openqa.selenium.remote.ErrorHandler.throwIfResponseFailed(ErrorHandler.java:167)
	at org.openqa.selenium.remote.RemoteWebDriver.execute(RemoteWebDriver.java:671)
	at org.openqa.selenium.remote.RemoteWebElement.execute(RemoteWebElement.java:272)
	at org.openqa.selenium.remote.RemoteWebElement.click(RemoteWebElement.java:82)
	at org.openqa.selenium.support.ui.Select.setSelected(Select.java:324)
	at org.openqa.selenium.support.ui.Select.selectByIndex(Select.java:179)
	at whitefeather.xedge.testcases.FillUpApplicationForm.providePermanentAddrCity(FillUpApplicationForm.java:558)
... Removed 29 stack frames]]>
    </failure>
  </testcase> <!-- providePermanentAddrCity -->
  <testcase name="providePermanentAddrPincode" time="0.188" classname="whitefeather.xedge.testcases.FillUpApplicationForm">
    <failure type="org.openqa.selenium.ElementNotVisibleException" message="element not visible
  (Session info: chrome=62.0.3202.94)
  (Driver info: chromedriver=2.33.506120 (e3e53437346286c0bc2d2dc9aa4915ba81d9023f),platform=Windows NT 10.0.10586 x86_64) (WARNING: The server did not provide any stacktrace information)
Command duration or timeout: 141 milliseconds
Build info: version: &amp;apos;3.4.0&amp;apos;, revision: &amp;apos;unknown&amp;apos;, time: &amp;apos;unknown&amp;apos;
System info: host: &amp;apos;DESKTOP-TMQM6DS&amp;apos;, ip: &amp;apos;192.168.0.2&amp;apos;, os.name: &amp;apos;Windows 10&amp;apos;, os.arch: &amp;apos;amd64&amp;apos;, os.version: &amp;apos;10.0&amp;apos;, java.version: &amp;apos;1.8.0_144&amp;apos;
Driver info: org.openqa.selenium.chrome.ChromeDriver
Capabilities [{applicationCacheEnabled=false, rotatable=false, mobileEmulationEnabled=false, networkConnectionEnabled=false, chrome={chromedriverVersion=2.33.506120 (e3e53437346286c0bc2d2dc9aa4915ba81d9023f), userDataDir=C:\Users\SHEKHA~1.DES\AppData\Local\Temp\scoped_dir12488_7940}, takesHeapSnapshot=true, pageLoadStrategy=normal, databaseEnabled=false, handlesAlerts=true, hasTouchScreen=false, version=62.0.3202.94, platform=XP, browserConnectionEnabled=false, nativeEvents=true, acceptSslCerts=true, locationContextEnabled=true, webStorageEnabled=true, browserName=chrome, takesScreenshot=true, javascriptEnabled=true, cssSelectorsEnabled=true, setWindowRect=true, unexpectedAlertBehaviour=}]
Session ID: 71435b20e86a022cb50a9f4f67d293b2">
      <![CDATA[org.openqa.selenium.ElementNotVisibleException: element not visible
  (Session info: chrome=62.0.3202.94)
  (Driver info: chromedriver=2.33.506120 (e3e53437346286c0bc2d2dc9aa4915ba81d9023f),platform=Windows NT 10.0.10586 x86_64) (WARNING: The server did not provide any stacktrace information)
Command duration or timeout: 141 milliseconds
Build info: version: '3.4.0', revision: 'unknown', time: 'unknown'
System info: host: 'DESKTOP-TMQM6DS', ip: '192.168.0.2', os.name: 'Windows 10', os.arch: 'amd64', os.version: '10.0', java.version: '1.8.0_144'
Driver info: org.openqa.selenium.chrome.ChromeDriver
Capabilities [{applicationCacheEnabled=false, rotatable=false, mobileEmulationEnabled=false, networkConnectionEnabled=false, chrome={chromedriverVersion=2.33.506120 (e3e53437346286c0bc2d2dc9aa4915ba81d9023f), userDataDir=C:\Users\SHEKHA~1.DES\AppData\Local\Temp\scoped_dir12488_7940}, takesHeapSnapshot=true, pageLoadStrategy=normal, databaseEnabled=false, handlesAlerts=true, hasTouchScreen=false, version=62.0.3202.94, platform=XP, browserConnectionEnabled=false, nativeEvents=true, acceptSslCerts=true, locationContextEnabled=true, webStorageEnabled=true, browserName=chrome, takesScreenshot=true, javascriptEnabled=true, cssSelectorsEnabled=true, setWindowRect=true, unexpectedAlertBehaviour=}]
Session ID: 71435b20e86a022cb50a9f4f67d293b2
	at org.openqa.selenium.remote.ErrorHandler.createThrowable(ErrorHandler.java:215)
	at org.openqa.selenium.remote.ErrorHandler.throwIfResponseFailed(ErrorHandler.java:167)
	at org.openqa.selenium.remote.RemoteWebDriver.execute(RemoteWebDriver.java:671)
	at org.openqa.selenium.remote.RemoteWebElement.execute(RemoteWebElement.java:272)
	at org.openqa.selenium.remote.RemoteWebElement.sendKeys(RemoteWebElement.java:96)
	at whitefeather.xedge.testcases.FillUpApplicationForm.providePermanentAddrPincode(FillUpApplicationForm.java:574)
... Removed 29 stack frames]]>
    </failure>
  </testcase> <!-- providePermanentAddrPincode -->
  <testcase name="providePermanentAddrContactNumber" time="0.2" classname="whitefeather.xedge.testcases.FillUpApplicationForm">
    <failure type="org.openqa.selenium.ElementNotVisibleException" message="element not visible
  (Session info: chrome=62.0.3202.94)
  (Driver info: chromedriver=2.33.506120 (e3e53437346286c0bc2d2dc9aa4915ba81d9023f),platform=Windows NT 10.0.10586 x86_64) (WARNING: The server did not provide any stacktrace information)
Command duration or timeout: 138 milliseconds
Build info: version: &amp;apos;3.4.0&amp;apos;, revision: &amp;apos;unknown&amp;apos;, time: &amp;apos;unknown&amp;apos;
System info: host: &amp;apos;DESKTOP-TMQM6DS&amp;apos;, ip: &amp;apos;192.168.0.2&amp;apos;, os.name: &amp;apos;Windows 10&amp;apos;, os.arch: &amp;apos;amd64&amp;apos;, os.version: &amp;apos;10.0&amp;apos;, java.version: &amp;apos;1.8.0_144&amp;apos;
Driver info: org.openqa.selenium.chrome.ChromeDriver
Capabilities [{applicationCacheEnabled=false, rotatable=false, mobileEmulationEnabled=false, networkConnectionEnabled=false, chrome={chromedriverVersion=2.33.506120 (e3e53437346286c0bc2d2dc9aa4915ba81d9023f), userDataDir=C:\Users\SHEKHA~1.DES\AppData\Local\Temp\scoped_dir12488_7940}, takesHeapSnapshot=true, pageLoadStrategy=normal, databaseEnabled=false, handlesAlerts=true, hasTouchScreen=false, version=62.0.3202.94, platform=XP, browserConnectionEnabled=false, nativeEvents=true, acceptSslCerts=true, locationContextEnabled=true, webStorageEnabled=true, browserName=chrome, takesScreenshot=true, javascriptEnabled=true, cssSelectorsEnabled=true, setWindowRect=true, unexpectedAlertBehaviour=}]
Session ID: 71435b20e86a022cb50a9f4f67d293b2">
      <![CDATA[org.openqa.selenium.ElementNotVisibleException: element not visible
  (Session info: chrome=62.0.3202.94)
  (Driver info: chromedriver=2.33.506120 (e3e53437346286c0bc2d2dc9aa4915ba81d9023f),platform=Windows NT 10.0.10586 x86_64) (WARNING: The server did not provide any stacktrace information)
Command duration or timeout: 138 milliseconds
Build info: version: '3.4.0', revision: 'unknown', time: 'unknown'
System info: host: 'DESKTOP-TMQM6DS', ip: '192.168.0.2', os.name: 'Windows 10', os.arch: 'amd64', os.version: '10.0', java.version: '1.8.0_144'
Driver info: org.openqa.selenium.chrome.ChromeDriver
Capabilities [{applicationCacheEnabled=false, rotatable=false, mobileEmulationEnabled=false, networkConnectionEnabled=false, chrome={chromedriverVersion=2.33.506120 (e3e53437346286c0bc2d2dc9aa4915ba81d9023f), userDataDir=C:\Users\SHEKHA~1.DES\AppData\Local\Temp\scoped_dir12488_7940}, takesHeapSnapshot=true, pageLoadStrategy=normal, databaseEnabled=false, handlesAlerts=true, hasTouchScreen=false, version=62.0.3202.94, platform=XP, browserConnectionEnabled=false, nativeEvents=true, acceptSslCerts=true, locationContextEnabled=true, webStorageEnabled=true, browserName=chrome, takesScreenshot=true, javascriptEnabled=true, cssSelectorsEnabled=true, setWindowRect=true, unexpectedAlertBehaviour=}]
Session ID: 71435b20e86a022cb50a9f4f67d293b2
	at org.openqa.selenium.remote.ErrorHandler.createThrowable(ErrorHandler.java:215)
	at org.openqa.selenium.remote.ErrorHandler.throwIfResponseFailed(ErrorHandler.java:167)
	at org.openqa.selenium.remote.RemoteWebDriver.execute(RemoteWebDriver.java:671)
	at org.openqa.selenium.remote.RemoteWebElement.execute(RemoteWebElement.java:272)
	at org.openqa.selenium.remote.RemoteWebElement.sendKeys(RemoteWebElement.java:96)
	at whitefeather.xedge.testcases.FillUpApplicationForm.providePermanentAddrContactNumber(FillUpApplicationForm.java:587)
... Removed 29 stack frames]]>
    </failure>
  </testcase> <!-- providePermanentAddrContactNumber -->
  <testcase name="clickNextButtonStep1" time="0.482" classname="whitefeather.xedge.testcases.FillUpApplicationForm"/>
  <testcase name="provideFathersName" time="4.977" classname="whitefeather.xedge.testcases.FillUpApplicationForm"/>
  <testcase name="provideFathersQualification" time="0.511" classname="whitefeather.xedge.testcases.FillUpApplicationForm"/>
  <testcase name="provideFathersOccupation" time="0.539" classname="whitefeather.xedge.testcases.FillUpApplicationForm"/>
  <testcase name="provideAnnualIncome" time="0.472" classname="whitefeather.xedge.testcases.FillUpApplicationForm"/>
  <testcase name="provideFathersEmail" time="1.007" classname="whitefeather.xedge.testcases.FillUpApplicationForm"/>
  <testcase name="provideFathersMobile" time="0.688" classname="whitefeather.xedge.testcases.FillUpApplicationForm"/>
  <testcase name="provideMothersName" time="0.906" classname="whitefeather.xedge.testcases.FillUpApplicationForm"/>
  <testcase name="provideMothersQualification" time="0.522" classname="whitefeather.xedge.testcases.FillUpApplicationForm"/>
  <testcase name="provideMothersOccupation" time="0.715" classname="whitefeather.xedge.testcases.FillUpApplicationForm"/>
  <testcase name="provideMothersEmail" time="0.966" classname="whitefeather.xedge.testcases.FillUpApplicationForm"/>
  <testcase name="provideMothersMobile" time="0.662" classname="whitefeather.xedge.testcases.FillUpApplicationForm"/>
  <testcase name="provideGuardiansName" time="1.119" classname="whitefeather.xedge.testcases.FillUpApplicationForm"/>
  <testcase name="provideGuardiansAddress1" time="0.581" classname="whitefeather.xedge.testcases.FillUpApplicationForm"/>
  <testcase name="provideGuardiansAddress2" time="0.592" classname="whitefeather.xedge.testcases.FillUpApplicationForm"/>
  <testcase name="provideGuardiansAddress3" time="0.574" classname="whitefeather.xedge.testcases.FillUpApplicationForm"/>
  <testcase name="provideGuardiansAddrPincode" time="0.438" classname="whitefeather.xedge.testcases.FillUpApplicationForm"/>
  <testcase name="provideGuardiansRelation" time="0.702" classname="whitefeather.xedge.testcases.FillUpApplicationForm"/>
  <testcase name="provideGuardiansContactNumber" time="0.592" classname="whitefeather.xedge.testcases.FillUpApplicationForm"/>
  <testcase name="clickNextButtonStep2" time="3.367" classname="whitefeather.xedge.testcases.FillUpApplicationForm"/>
  <testcase name="provideCourse" time="4.679" classname="whitefeather.xedge.testcases.FillUpApplicationForm"/>
  <testcase name="provideSSCSchoolName" time="0.972" classname="whitefeather.xedge.testcases.FillUpApplicationForm"/>
  <testcase name="provideSSCBoard" time="0.233" classname="whitefeather.xedge.testcases.FillUpApplicationForm"/>
  <testcase name="provideSSCYearOfPassing" time="0.221" classname="whitefeather.xedge.testcases.FillUpApplicationForm"/>
  <testcase name="provideSSCRegNumber" time="0.553" classname="whitefeather.xedge.testcases.FillUpApplicationForm"/>
  <testcase name="provideSSCModeOfStudy" time="0.207" classname="whitefeather.xedge.testcases.FillUpApplicationForm"/>
  <testcase name="provideSSCPercentageValue" time="0.326" classname="whitefeather.xedge.testcases.FillUpApplicationForm"/>
  <testcase name="showHideHSCDetailsSection" time="1.6" classname="whitefeather.xedge.testcases.FillUpApplicationForm"/>
  <testcase name="provideHSCSchoolName" time="1.064" classname="whitefeather.xedge.testcases.FillUpApplicationForm"/>
  <testcase name="provideHSCBoard" time="0.213" classname="whitefeather.xedge.testcases.FillUpApplicationForm"/>
  <testcase name="provideModeOfStudyHSC" time="0.204" classname="whitefeather.xedge.testcases.FillUpApplicationForm"/>
  <testcase name="provideHSCYearOfPassing" time="0.231" classname="whitefeather.xedge.testcases.FillUpApplicationForm"/>
  <testcase name="provideHSCPercentageGradeType" time="0.754" classname="whitefeather.xedge.testcases.FillUpApplicationForm"/>
  <testcase name="provideHSCRegNumber" time="0.584" classname="whitefeather.xedge.testcases.FillUpApplicationForm"/>
  <testcase name="provideHSCSubjectScoreDetails" time="24.935" classname="whitefeather.xedge.testcases.FillUpApplicationForm"/>
  <testcase name="provideEntranceExamDetails" time="8.298" classname="whitefeather.xedge.testcases.FillUpApplicationForm"/>
  <testcase name="provideDegreeOrDiplomaType" time="0.762" classname="whitefeather.xedge.testcases.FillUpApplicationForm"/>
  <testcase name="provideDegreeOrDiplomaName" time="1.705" classname="whitefeather.xedge.testcases.FillUpApplicationForm"/>
  <testcase name="provideDegreeOrDiplomaAreaOfSpecialization" time="1.576" classname="whitefeather.xedge.testcases.FillUpApplicationForm"/>
  <testcase name="provideDegreeOrDiplomaCollegeName" time="1.632" classname="whitefeather.xedge.testcases.FillUpApplicationForm"/>
  <testcase name="provideDegreeOrDiplomaUniversityName" time="1.253" classname="whitefeather.xedge.testcases.FillUpApplicationForm"/>
  <testcase name="provideDegDiplomaExamType" time="0.913" classname="whitefeather.xedge.testcases.FillUpApplicationForm"/>
  <testcase name="provideDegDiplomaYearOfCompletion" time="0.213" classname="whitefeather.xedge.testcases.FillUpApplicationForm"/>
  <testcase name="provideDegDiplomaModeOfStudy" time="0.236" classname="whitefeather.xedge.testcases.FillUpApplicationForm"/>
  <testcase name="provideGraduationYearwiseMarksDetails" time="16.571" classname="whitefeather.xedge.testcases.FillUpApplicationForm"/>
  <testcase name="provideAttachment1" time="0.24" classname="whitefeather.xedge.testcases.FillUpApplicationForm"/>
  <testcase name="provideAttachment2" time="0.249" classname="whitefeather.xedge.testcases.FillUpApplicationForm"/>
  <testcase name="provideAttachment3" time="0.223" classname="whitefeather.xedge.testcases.FillUpApplicationForm"/>
  <testcase name="provideAttachment4" time="0.243" classname="whitefeather.xedge.testcases.FillUpApplicationForm"/>
  <testcase name="provideAttachment5" time="0.226" classname="whitefeather.xedge.testcases.FillUpApplicationForm"/>
  <testcase name="provideAttachment6" time="0.24" classname="whitefeather.xedge.testcases.FillUpApplicationForm"/>
  <testcase name="provideAttachment7" time="0.228" classname="whitefeather.xedge.testcases.FillUpApplicationForm"/>
  <testcase name="provideAttachment8" time="0.216" classname="whitefeather.xedge.testcases.FillUpApplicationForm"/>
  <testcase name="provideAttachment9" time="0.215" classname="whitefeather.xedge.testcases.FillUpApplicationForm"/>
  <testcase name="provideAttachment10" time="0.22" classname="whitefeather.xedge.testcases.FillUpApplicationForm"/>
  <testcase name="clickNextButtonStep3" time="10.396" classname="whitefeather.xedge.testcases.FillUpApplicationForm"/>
  <testcase name="providePaymentCourse" time="4.281" classname="whitefeather.xedge.testcases.FillUpApplicationForm"/>
  <testcase name="providePaymentType" time="0.449" classname="whitefeather.xedge.testcases.FillUpApplicationForm"/>
  <testcase name="clickSubmitButtonStep4" time="6.678" classname="whitefeather.xedge.testcases.FillUpApplicationForm"/>
  <testcase name="clickLoginLinkForPaytmPayment" time="3.521" classname="whitefeather.xedge.testcases.DoPaymentInApplicationForm"/>
  <testcase name="providePaytmAccoutUsername" time="4.735" classname="whitefeather.xedge.testcases.DoPaymentInApplicationForm"/>
  <testcase name="clickRequestOTPButtonForPaytmPayment" time="2.159" classname="whitefeather.xedge.testcases.DoPaymentInApplicationForm"/>
  <testcase name="provideLoginOTPReceived" time="3.15" classname="whitefeather.xedge.testcases.DoPaymentInApplicationForm"/>
  <testcase name="clickLoginButtonPaytmLoginWindow" time="3.22" classname="whitefeather.xedge.testcases.DoPaymentInApplicationForm"/>
  <testcase name="validateAmountToBePaid" time="8.914" classname="whitefeather.xedge.testcases.DoPaymentInApplicationForm"/>
  <testcase name="clickPayNowButtonPaytmPaymentPage" time="3.172" classname="whitefeather.xedge.testcases.DoPaymentInApplicationForm"/>
  <testcase name="validatePaymentMode" time="7.644" classname="whitefeather.xedge.testcases.DoPaymentInApplicationForm"/>
  <testcase name="validateTransactionID" time="4.633" classname="whitefeather.xedge.testcases.DoPaymentInApplicationForm">
    <failure type="java.lang.AssertionError" message="null">
      <![CDATA[java.lang.AssertionError: null
	at whitefeather.xedge.testcases.DoPaymentInApplicationForm.validateTransactionID(DoPaymentInApplicationForm.java:171)
... Removed 27 stack frames]]>
    </failure>
  </testcase> <!-- validateTransactionID -->
  <testcase name="validateAmountPaid" time="4.574" classname="whitefeather.xedge.testcases.DoPaymentInApplicationForm">
    <failure type="java.lang.AssertionError" message="null">
      <![CDATA[java.lang.AssertionError: null
	at whitefeather.xedge.testcases.DoPaymentInApplicationForm.validateAmountPaid(DoPaymentInApplicationForm.java:194)
... Removed 27 stack frames]]>
    </failure>
  </testcase> <!-- validateAmountPaid -->
  <testcase name="validateSuccessfulPDFGenerationAndSending" time="4.548" classname="whitefeather.xedge.testcases.DoPaymentInApplicationForm">
    <failure type="java.lang.AssertionError" message="null">
      <![CDATA[java.lang.AssertionError: null
	at whitefeather.xedge.testcases.DoPaymentInApplicationForm.validateSuccessfulPDFGenerationAndSending(DoPaymentInApplicationForm.java:216)
... Removed 27 stack frames]]>
    </failure>
  </testcase> <!-- validateSuccessfulPDFGenerationAndSending -->
  <testcase name="validateHSCYoPStep3" time="0.0" classname="whitefeather.xedge.testcases.FillUpApplicationForm">
    <ignored/>
  </testcase> <!-- validateHSCYoPStep3 -->
  <testcase name="validateMothersOccupationStep2" time="0.0" classname="whitefeather.xedge.testcases.FillUpApplicationForm">
    <ignored/>
  </testcase> <!-- validateMothersOccupationStep2 -->
  <testcase name="validateLocalGuardianAddr3Step2" time="0.0" classname="whitefeather.xedge.testcases.FillUpApplicationForm">
    <ignored/>
  </testcase> <!-- validateLocalGuardianAddr3Step2 -->
  <testcase name="validatePresentAddressCityInStep1" time="0.0" classname="whitefeather.xedge.testcases.FillUpApplicationForm">
    <ignored/>
  </testcase> <!-- validatePresentAddressCityInStep1 -->
  <testcase name="validatePresentAddressStateInStep1" time="0.0" classname="whitefeather.xedge.testcases.FillUpApplicationForm">
    <ignored/>
  </testcase> <!-- validatePresentAddressStateInStep1 -->
  <testcase name="validateEntityValue" time="0.0" classname="whitefeather.xedge.testcases.GenerateLeadForApplicationForm">
    <ignored/>
  </testcase> <!-- validateEntityValue -->
  <testcase name="validateNationalityInStep1" time="0.0" classname="whitefeather.xedge.testcases.FillUpApplicationForm">
    <ignored/>
  </testcase> <!-- validateNationalityInStep1 -->
  <testcase name="validateGuardianContactNumberStep2" time="0.0" classname="whitefeather.xedge.testcases.FillUpApplicationForm">
    <ignored/>
  </testcase> <!-- validateGuardianContactNumberStep2 -->
  <testcase name="validateFathersOccupationStep2" time="0.0" classname="whitefeather.xedge.testcases.FillUpApplicationForm">
    <ignored/>
  </testcase> <!-- validateFathersOccupationStep2 -->
  <testcase name="validateCommunityInStep1" time="0.0" classname="whitefeather.xedge.testcases.FillUpApplicationForm">
    <ignored/>
  </testcase> <!-- validateCommunityInStep1 -->
  <testcase name="validateCitizenShipInStep1" time="0.0" classname="whitefeather.xedge.testcases.FillUpApplicationForm">
    <ignored/>
  </testcase> <!-- validateCitizenShipInStep1 -->
  <testcase name="validateFathersAnnualIncomeStep2" time="0.0" classname="whitefeather.xedge.testcases.FillUpApplicationForm">
    <ignored/>
  </testcase> <!-- validateFathersAnnualIncomeStep2 -->
  <testcase name="validateHSCPercentageStep3" time="0.0" classname="whitefeather.xedge.testcases.FillUpApplicationForm">
    <ignored/>
  </testcase> <!-- validateHSCPercentageStep3 -->
  <testcase name="validatePlaceOfBirthStep1" time="0.0" classname="whitefeather.xedge.testcases.FillUpApplicationForm">
    <ignored/>
  </testcase> <!-- validatePlaceOfBirthStep1 -->
  <testcase name="validatePresentAddressCountryInStep1" time="0.0" classname="whitefeather.xedge.testcases.FillUpApplicationForm">
    <ignored/>
  </testcase> <!-- validatePresentAddressCountryInStep1 -->
  <testcase name="validateReligionInStep1" time="0.0" classname="whitefeather.xedge.testcases.FillUpApplicationForm">
    <ignored/>
  </testcase> <!-- validateReligionInStep1 -->
  <testcase name="validateLeadFirstName" time="0.0" classname="whitefeather.xedge.testcases.GenerateLeadForApplicationForm">
    <ignored/>
  </testcase> <!-- validateLeadFirstName -->
  <testcase name="validateMothersNameStep2" time="0.0" classname="whitefeather.xedge.testcases.FillUpApplicationForm">
    <ignored/>
  </testcase> <!-- validateMothersNameStep2 -->
  <testcase name="validateHSCRegNumberStep3" time="0.0" classname="whitefeather.xedge.testcases.FillUpApplicationForm">
    <ignored/>
  </testcase> <!-- validateHSCRegNumberStep3 -->
  <testcase name="validateHSCModeOfStudyStep3" time="0.0" classname="whitefeather.xedge.testcases.FillUpApplicationForm">
    <ignored/>
  </testcase> <!-- validateHSCModeOfStudyStep3 -->
  <testcase name="validateLocalGuardianNameStep2" time="0.0" classname="whitefeather.xedge.testcases.FillUpApplicationForm">
    <ignored/>
  </testcase> <!-- validateLocalGuardianNameStep2 -->
  <testcase name="validateLocalGuardianAddr1Step2" time="0.0" classname="whitefeather.xedge.testcases.FillUpApplicationForm">
    <ignored/>
  </testcase> <!-- validateLocalGuardianAddr1Step2 -->
  <testcase name="validateGenderValueInStep1" time="0.0" classname="whitefeather.xedge.testcases.FillUpApplicationForm">
    <ignored/>
  </testcase> <!-- validateGenderValueInStep1 -->
  <testcase name="validateLeadMobileNumber" time="0.0" classname="whitefeather.xedge.testcases.GenerateLeadForApplicationForm">
    <ignored/>
  </testcase> <!-- validateLeadMobileNumber -->
  <testcase name="validateSSCSchoolNameStep3" time="0.0" classname="whitefeather.xedge.testcases.FillUpApplicationForm">
    <ignored/>
  </testcase> <!-- validateSSCSchoolNameStep3 -->
  <testcase name="validateCasteInStep1" time="0.0" classname="whitefeather.xedge.testcases.FillUpApplicationForm">
    <ignored/>
  </testcase> <!-- validateCasteInStep1 -->
  <testcase name="validateHSCBoardStep3" time="0.0" classname="whitefeather.xedge.testcases.FillUpApplicationForm">
    <ignored/>
  </testcase> <!-- validateHSCBoardStep3 -->
  <testcase name="validateCourseStep3" time="0.0" classname="whitefeather.xedge.testcases.FillUpApplicationForm">
    <ignored/>
  </testcase> <!-- validateCourseStep3 -->
  <testcase name="validateFathersEmailStep2" time="0.0" classname="whitefeather.xedge.testcases.FillUpApplicationForm">
    <ignored/>
  </testcase> <!-- validateFathersEmailStep2 -->
  <testcase name="validatePresentAddressInStep1" time="0.0" classname="whitefeather.xedge.testcases.FillUpApplicationForm">
    <ignored/>
  </testcase> <!-- validatePresentAddressInStep1 -->
  <testcase name="validatePlaceOfIssueInStep1" time="0.0" classname="whitefeather.xedge.testcases.FillUpApplicationForm">
    <ignored/>
  </testcase> <!-- validatePlaceOfIssueInStep1 -->
  <testcase name="validateFathersMobileStep2" time="0.0" classname="whitefeather.xedge.testcases.FillUpApplicationForm">
    <ignored/>
  </testcase> <!-- validateFathersMobileStep2 -->
  <testcase name="validateBloodGroupInStep1" time="0.0" classname="whitefeather.xedge.testcases.FillUpApplicationForm">
    <ignored/>
  </testcase> <!-- validateBloodGroupInStep1 -->
  <testcase name="validateDoBStep1" time="0.0" classname="whitefeather.xedge.testcases.FillUpApplicationForm">
    <ignored/>
  </testcase> <!-- validateDoBStep1 -->
  <testcase name="validateMothersQualificationStep2" time="0.0" classname="whitefeather.xedge.testcases.FillUpApplicationForm">
    <ignored/>
  </testcase> <!-- validateMothersQualificationStep2 -->
  <testcase name="validateGrdnAddrPincodeStep2" time="0.0" classname="whitefeather.xedge.testcases.FillUpApplicationForm">
    <ignored/>
  </testcase> <!-- validateGrdnAddrPincodeStep2 -->
  <testcase name="validatePassportNumberInStep1" time="0.0" classname="whitefeather.xedge.testcases.FillUpApplicationForm">
    <ignored/>
  </testcase> <!-- validatePassportNumberInStep1 -->
  <testcase name="validateHSCSchoolNameStep3" time="0.0" classname="whitefeather.xedge.testcases.FillUpApplicationForm">
    <ignored/>
  </testcase> <!-- validateHSCSchoolNameStep3 -->
  <testcase name="validateGuardianRelationStep2" time="0.0" classname="whitefeather.xedge.testcases.FillUpApplicationForm">
    <ignored/>
  </testcase> <!-- validateGuardianRelationStep2 -->
  <testcase name="validateMothersMobileStep2" time="0.0" classname="whitefeather.xedge.testcases.FillUpApplicationForm">
    <ignored/>
  </testcase> <!-- validateMothersMobileStep2 -->
  <testcase name="validateLocalGuardianAddr2Step2" time="0.0" classname="whitefeather.xedge.testcases.FillUpApplicationForm">
    <ignored/>
  </testcase> <!-- validateLocalGuardianAddr2Step2 -->
  <testcase name="validateExpiryDateInStep1" time="0.0" classname="whitefeather.xedge.testcases.FillUpApplicationForm">
    <ignored/>
  </testcase> <!-- validateExpiryDateInStep1 -->
  <testcase name="validateMothersEmailStep2" time="0.0" classname="whitefeather.xedge.testcases.FillUpApplicationForm">
    <ignored/>
  </testcase> <!-- validateMothersEmailStep2 -->
  <testcase name="validateFathersQualificationStep2" time="0.0" classname="whitefeather.xedge.testcases.FillUpApplicationForm">
    <ignored/>
  </testcase> <!-- validateFathersQualificationStep2 -->
  <testcase name="validateSSCYoPStep3" time="0.0" classname="whitefeather.xedge.testcases.FillUpApplicationForm">
    <ignored/>
  </testcase> <!-- validateSSCYoPStep3 -->
  <testcase name="validateFathersNameStep2" time="0.0" classname="whitefeather.xedge.testcases.FillUpApplicationForm">
    <ignored/>
  </testcase> <!-- validateFathersNameStep2 -->
  <testcase name="validateDomicileInStep1" time="0.0" classname="whitefeather.xedge.testcases.FillUpApplicationForm">
    <ignored/>
  </testcase> <!-- validateDomicileInStep1 -->
  <testcase name="validateLeadEmailAddress" time="0.0" classname="whitefeather.xedge.testcases.GenerateLeadForApplicationForm">
    <ignored/>
  </testcase> <!-- validateLeadEmailAddress -->
  <testcase name="validateDateOfIssueInStep1" time="0.0" classname="whitefeather.xedge.testcases.FillUpApplicationForm">
    <ignored/>
  </testcase> <!-- validateDateOfIssueInStep1 -->
  <testcase name="validateSSCBoardStep3" time="0.0" classname="whitefeather.xedge.testcases.FillUpApplicationForm">
    <ignored/>
  </testcase> <!-- validateSSCBoardStep3 -->
  <testcase name="validateSSCModeOfStudyStep3" time="0.0" classname="whitefeather.xedge.testcases.FillUpApplicationForm">
    <ignored/>
  </testcase> <!-- validateSSCModeOfStudyStep3 -->
  <testcase name="validateAadhaarNumberInStep1" time="0.0" classname="whitefeather.xedge.testcases.FillUpApplicationForm">
    <ignored/>
  </testcase> <!-- validateAadhaarNumberInStep1 -->
  <testcase name="validateLeadDetailsSuccessfulSumbission" time="0.0" classname="whitefeather.xedge.testcases.GenerateLeadForApplicationForm">
    <ignored/>
  </testcase> <!-- validateLeadDetailsSuccessfulSumbission -->
  <testcase name="validateSSCRegNumberStep3" time="0.0" classname="whitefeather.xedge.testcases.FillUpApplicationForm">
    <ignored/>
  </testcase> <!-- validateSSCRegNumberStep3 -->
  <testcase name="validateSSCPercentageStep3" time="0.0" classname="whitefeather.xedge.testcases.FillUpApplicationForm">
    <ignored/>
  </testcase> <!-- validateSSCPercentageStep3 -->
</testsuite> <!-- Staging QA Application Form Test Validations -->
