<?xml version="1.0" encoding="UTF-8"?>
<!-- Generated by org.testng.reporters.JUnitXMLReporter -->
<testsuite hostname="DESKTOP-TMQM6DS" ignored="36" name="Staging QA Application Form Test Validations" tests="62" failures="4" timestamp="04 Nov 2017 10:56:28 GMT" time="103.099" errors="0">
  <testcase name="openAppForm" time="10.477" classname="whitefeather.xedge.testcases.OpenApplicationFormLandingPage"/>
  <testcase name="enterFullName" time="3.193" classname="whitefeather.xedge.testcases.GenerateLeadForApplicationForm"/>
  <testcase name="enterMobileNumber" time="0.188" classname="whitefeather.xedge.testcases.GenerateLeadForApplicationForm"/>
  <testcase name="enterEmailAddress" time="0.224" classname="whitefeather.xedge.testcases.GenerateLeadForApplicationForm"/>
  <testcase name="clickSubmitButton" time="5.211" classname="whitefeather.xedge.testcases.GenerateLeadForApplicationForm"/>
  <testcase name="validateLeadFirstName" time="2.998" classname="whitefeather.xedge.testcases.GenerateLeadForApplicationForm"/>
  <testcase name="validateLeadMobileNumber" time="2.595" classname="whitefeather.xedge.testcases.GenerateLeadForApplicationForm"/>
  <testcase name="validateLeadEmailAddress" time="2.606" classname="whitefeather.xedge.testcases.GenerateLeadForApplicationForm"/>
  <testcase name="validateLeadDetailsSuccessfulSumbission" time="0.133" classname="whitefeather.xedge.testcases.GenerateLeadForApplicationForm"/>
  <testcase name="openDetailedApplicationFormPage" time="3.237" classname="whitefeather.xedge.testcases.FillUpApplicationForm"/>
  <testcase name="clickDateOfBirthInputField" time="1.33" classname="whitefeather.xedge.testcases.FillUpApplicationForm"/>
  <testcase name="provideDateOfBirth" time="3.994" classname="whitefeather.xedge.testcases.FillUpApplicationForm"/>
  <testcase name="providePlaceOfBirth" time="0.412" classname="whitefeather.xedge.testcases.FillUpApplicationForm"/>
  <testcase name="provideGender" time="0.311" classname="whitefeather.xedge.testcases.FillUpApplicationForm"/>
  <testcase name="provideBloodGroup" time="0.153" classname="whitefeather.xedge.testcases.FillUpApplicationForm"/>
  <testcase name="provideNationality" time="0.224" classname="whitefeather.xedge.testcases.FillUpApplicationForm"/>
  <testcase name="provideAadharNumber" time="0.286" classname="whitefeather.xedge.testcases.FillUpApplicationForm"/>
  <testcase name="providePassportNumber" time="0.294" classname="whitefeather.xedge.testcases.FillUpApplicationForm"/>
  <testcase name="providePlaceOfIssue" time="0.158" classname="whitefeather.xedge.testcases.FillUpApplicationForm"/>
  <testcase name="clickDateOfIssueInputField" time="0.206" classname="whitefeather.xedge.testcases.FillUpApplicationForm"/>
  <testcase name="provideDateOfIssue" time="4.092" classname="whitefeather.xedge.testcases.FillUpApplicationForm"/>
  <testcase name="clickExpiryDateInputField" time="0.214" classname="whitefeather.xedge.testcases.FillUpApplicationForm"/>
  <testcase name="provideExpiryDate" time="4.232" classname="whitefeather.xedge.testcases.FillUpApplicationForm"/>
  <testcase name="provideReligion" time="0.25" classname="whitefeather.xedge.testcases.FillUpApplicationForm"/>
  <testcase name="provideCitizenship" time="0.337" classname="whitefeather.xedge.testcases.FillUpApplicationForm"/>
  <testcase name="provideCaste" time="0.365" classname="whitefeather.xedge.testcases.FillUpApplicationForm"/>
  <testcase name="provideDomicile" time="0.312" classname="whitefeather.xedge.testcases.FillUpApplicationForm"/>
  <testcase name="provideCommunity" time="0.306" classname="whitefeather.xedge.testcases.FillUpApplicationForm"/>
  <testcase name="providePresentAddress" time="0.242" classname="whitefeather.xedge.testcases.FillUpApplicationForm"/>
  <testcase name="providePresentAddrCountry" time="0.371" classname="whitefeather.xedge.testcases.FillUpApplicationForm"/>
  <testcase name="providePresentAddrState" time="0.326" classname="whitefeather.xedge.testcases.FillUpApplicationForm"/>
  <testcase name="providePresentAddrCity" time="0.316" classname="whitefeather.xedge.testcases.FillUpApplicationForm"/>
  <testcase name="providePresentAddrPincode" time="0.235" classname="whitefeather.xedge.testcases.FillUpApplicationForm"/>
  <testcase name="providePresentAddrContactNumber" time="0.306" classname="whitefeather.xedge.testcases.FillUpApplicationForm"/>
  <testcase name="clickSameAddressCheckbox" time="0.146" classname="whitefeather.xedge.testcases.FillUpApplicationForm"/>
  <testcase name="clickNextButtonStep1" time="10.187" classname="whitefeather.xedge.testcases.FillUpApplicationForm"/>
  <testcase name="validateDoBStep1" time="2.671" classname="whitefeather.xedge.testcases.FillUpApplicationForm"/>
  <testcase name="validatePlaceOfBirthStep1" time="1.58" classname="whitefeather.xedge.testcases.FillUpApplicationForm"/>
  <testcase name="validateGenderValueInStep1" time="1.597" classname="whitefeather.xedge.testcases.FillUpApplicationForm"/>
  <testcase name="validateBloodGroupInStep1" time="1.607" classname="whitefeather.xedge.testcases.FillUpApplicationForm">
    <failure type="java.lang.AssertionError" message="null">
      <![CDATA[java.lang.AssertionError: null
	at whitefeather.xedge.testcases.FillUpApplicationForm.validateBloodGroupInStep1(FillUpApplicationForm.java:606)
... Removed 27 stack frames]]>
    </failure>
  </testcase> <!-- validateBloodGroupInStep1 -->
  <testcase name="validateNationalityInStep1" time="1.603" classname="whitefeather.xedge.testcases.FillUpApplicationForm"/>
  <testcase name="validateAadhaarNumberInStep1" time="1.645" classname="whitefeather.xedge.testcases.FillUpApplicationForm"/>
  <testcase name="validatePassportNumberInStep1" time="1.583" classname="whitefeather.xedge.testcases.FillUpApplicationForm"/>
  <testcase name="validatePlaceOfIssueInStep1" time="1.61" classname="whitefeather.xedge.testcases.FillUpApplicationForm"/>
  <testcase name="validateDateOfIssueInStep1" time="1.563" classname="whitefeather.xedge.testcases.FillUpApplicationForm"/>
  <testcase name="validateExpiryDateInStep1" time="1.594" classname="whitefeather.xedge.testcases.FillUpApplicationForm"/>
  <testcase name="validateReligionInStep1" time="1.578" classname="whitefeather.xedge.testcases.FillUpApplicationForm"/>
  <testcase name="validateCitizenShipInStep1" time="1.627" classname="whitefeather.xedge.testcases.FillUpApplicationForm"/>
  <testcase name="validateCasteInStep1" time="1.594" classname="whitefeather.xedge.testcases.FillUpApplicationForm"/>
  <testcase name="validateDomicileInStep1" time="1.594" classname="whitefeather.xedge.testcases.FillUpApplicationForm"/>
  <testcase name="validateCommunityInStep1" time="1.592" classname="whitefeather.xedge.testcases.FillUpApplicationForm"/>
  <testcase name="validatePresentAddressInStep1" time="1.594" classname="whitefeather.xedge.testcases.FillUpApplicationForm"/>
  <testcase name="validatePresentAddressCountryInStep1" time="1.638" classname="whitefeather.xedge.testcases.FillUpApplicationForm"/>
  <testcase name="validatePresentAddressStateInStep1" time="1.624" classname="whitefeather.xedge.testcases.FillUpApplicationForm">
    <failure type="java.lang.AssertionError" message="null">
      <![CDATA[java.lang.AssertionError: null
	at whitefeather.xedge.testcases.FillUpApplicationForm.validatePresentAddressStateInStep1(FillUpApplicationForm.java:873)
... Removed 27 stack frames]]>
    </failure>
  </testcase> <!-- validatePresentAddressStateInStep1 -->
  <testcase name="validatePresentAddressCityInStep1" time="1.594" classname="whitefeather.xedge.testcases.FillUpApplicationForm"/>
  <testcase name="provideFathersName" time="1.392" classname="whitefeather.xedge.testcases.FillUpApplicationForm"/>
  <testcase name="provideFathersQualification" time="0.239" classname="whitefeather.xedge.testcases.FillUpApplicationForm"/>
  <testcase name="provideFathersOccupation" time="0.248" classname="whitefeather.xedge.testcases.FillUpApplicationForm"/>
  <testcase name="clickNextButtonStep2" time="0.166" classname="whitefeather.xedge.testcases.FillUpApplicationForm"/>
  <testcase name="validateFathersNameStep2" time="3.496" classname="whitefeather.xedge.testcases.FillUpApplicationForm">
    <failure type="java.lang.AssertionError" message="null">
      <![CDATA[java.lang.AssertionError: null
	at whitefeather.xedge.testcases.FillUpApplicationForm.validateFathersNameStep2(FillUpApplicationForm.java:1056)
... Removed 27 stack frames]]>
    </failure>
  </testcase> <!-- validateFathersNameStep2 -->
  <testcase name="validateFathersQualificationStep2" time="2.664" classname="whitefeather.xedge.testcases.FillUpApplicationForm">
    <failure type="java.lang.AssertionError" message="null">
      <![CDATA[java.lang.AssertionError: null
	at whitefeather.xedge.testcases.FillUpApplicationForm.validateFathersQualificationStep2(FillUpApplicationForm.java:1075)
... Removed 27 stack frames]]>
    </failure>
  </testcase> <!-- validateFathersQualificationStep2 -->
  <testcase name="validateFathersOccupationStep2" time="2.624" classname="whitefeather.xedge.testcases.FillUpApplicationForm"/>
  <testcase name="provideGuardiansAddress1" time="0.0" classname="whitefeather.xedge.testcases.FillUpApplicationForm">
    <ignored/>
  </testcase> <!-- provideGuardiansAddress1 -->
  <testcase name="provideHSCYearOfPassing" time="0.0" classname="whitefeather.xedge.testcases.FillUpApplicationForm">
    <ignored/>
  </testcase> <!-- provideHSCYearOfPassing -->
  <testcase name="provideGuardiansAddress2" time="0.0" classname="whitefeather.xedge.testcases.FillUpApplicationForm">
    <ignored/>
  </testcase> <!-- provideGuardiansAddress2 -->
  <testcase name="provideSubject1NameValue" time="0.0" classname="whitefeather.xedge.testcases.FillUpApplicationForm">
    <ignored/>
  </testcase> <!-- provideSubject1NameValue -->
  <testcase name="providePaymentType" time="0.0" classname="whitefeather.xedge.testcases.FillUpApplicationForm">
    <ignored/>
  </testcase> <!-- providePaymentType -->
  <testcase name="provideMothersName" time="0.0" classname="whitefeather.xedge.testcases.FillUpApplicationForm">
    <ignored/>
  </testcase> <!-- provideMothersName -->
  <testcase name="provideSubject3NameValue" time="0.0" classname="whitefeather.xedge.testcases.FillUpApplicationForm">
    <ignored/>
  </testcase> <!-- provideSubject3NameValue -->
  <testcase name="provideHSCRegNumber" time="0.0" classname="whitefeather.xedge.testcases.FillUpApplicationForm">
    <ignored/>
  </testcase> <!-- provideHSCRegNumber -->
  <testcase name="providePaymentAmount" time="0.0" classname="whitefeather.xedge.testcases.FillUpApplicationForm">
    <ignored/>
  </testcase> <!-- providePaymentAmount -->
  <testcase name="provideSubject3Marks3Value" time="0.0" classname="whitefeather.xedge.testcases.FillUpApplicationForm">
    <ignored/>
  </testcase> <!-- provideSubject3Marks3Value -->
  <testcase name="provideGuardiansRelation" time="0.0" classname="whitefeather.xedge.testcases.FillUpApplicationForm">
    <ignored/>
  </testcase> <!-- provideGuardiansRelation -->
  <testcase name="provideSSCModeOfStudy" time="0.0" classname="whitefeather.xedge.testcases.FillUpApplicationForm">
    <ignored/>
  </testcase> <!-- provideSSCModeOfStudy -->
  <testcase name="provideSubject2Marks1Value" time="0.0" classname="whitefeather.xedge.testcases.FillUpApplicationForm">
    <ignored/>
  </testcase> <!-- provideSubject2Marks1Value -->
  <testcase name="provideSubject2NameValue" time="0.0" classname="whitefeather.xedge.testcases.FillUpApplicationForm">
    <ignored/>
  </testcase> <!-- provideSubject2NameValue -->
  <testcase name="provideSubject3Percetage3Value" time="0.0" classname="whitefeather.xedge.testcases.FillUpApplicationForm">
    <ignored/>
  </testcase> <!-- provideSubject3Percetage3Value -->
  <testcase name="provideEntranceExamValue" time="0.0" classname="whitefeather.xedge.testcases.FillUpApplicationForm">
    <ignored/>
  </testcase> <!-- provideEntranceExamValue -->
  <testcase name="attachAttachment3" time="0.0" classname="whitefeather.xedge.testcases.FillUpApplicationForm">
    <ignored/>
  </testcase> <!-- attachAttachment3 -->
  <testcase name="provideGuardiansContactNumber" time="0.0" classname="whitefeather.xedge.testcases.FillUpApplicationForm">
    <ignored/>
  </testcase> <!-- provideGuardiansContactNumber -->
  <testcase name="provideHSCModeOfStudy" time="0.0" classname="whitefeather.xedge.testcases.FillUpApplicationForm">
    <ignored/>
  </testcase> <!-- provideHSCModeOfStudy -->
  <testcase name="attachAttachment1" time="0.0" classname="whitefeather.xedge.testcases.FillUpApplicationForm">
    <ignored/>
  </testcase> <!-- attachAttachment1 -->
  <testcase name="provideSSCYearOfPassing" time="0.0" classname="whitefeather.xedge.testcases.FillUpApplicationForm">
    <ignored/>
  </testcase> <!-- provideSSCYearOfPassing -->
  <testcase name="attachAttachment2" time="0.0" classname="whitefeather.xedge.testcases.FillUpApplicationForm">
    <ignored/>
  </testcase> <!-- attachAttachment2 -->
  <testcase name="clickSubmitButtonStep4" time="0.0" classname="whitefeather.xedge.testcases.FillUpApplicationForm">
    <ignored/>
  </testcase> <!-- clickSubmitButtonStep4 -->
  <testcase name="attachAttachment5" time="0.0" classname="whitefeather.xedge.testcases.FillUpApplicationForm">
    <ignored/>
  </testcase> <!-- attachAttachment5 -->
  <testcase name="provideHSCSchoolName" time="0.0" classname="whitefeather.xedge.testcases.FillUpApplicationForm">
    <ignored/>
  </testcase> <!-- provideHSCSchoolName -->
  <testcase name="provideSubject2Percetage2Value" time="0.0" classname="whitefeather.xedge.testcases.FillUpApplicationForm">
    <ignored/>
  </testcase> <!-- provideSubject2Percetage2Value -->
  <testcase name="attachAttachment4" time="0.0" classname="whitefeather.xedge.testcases.FillUpApplicationForm">
    <ignored/>
  </testcase> <!-- attachAttachment4 -->
  <testcase name="provideHSCPercentageValue" time="0.0" classname="whitefeather.xedge.testcases.FillUpApplicationForm">
    <ignored/>
  </testcase> <!-- provideHSCPercentageValue -->
  <testcase name="provideSubject1Percetage1Value" time="0.0" classname="whitefeather.xedge.testcases.FillUpApplicationForm">
    <ignored/>
  </testcase> <!-- provideSubject1Percetage1Value -->
  <testcase name="provideSubject1Marks1Value" time="0.0" classname="whitefeather.xedge.testcases.FillUpApplicationForm">
    <ignored/>
  </testcase> <!-- provideSubject1Marks1Value -->
  <testcase name="provideCourse" time="0.0" classname="whitefeather.xedge.testcases.FillUpApplicationForm">
    <ignored/>
  </testcase> <!-- provideCourse -->
  <testcase name="provideSSCSchoolName" time="0.0" classname="whitefeather.xedge.testcases.FillUpApplicationForm">
    <ignored/>
  </testcase> <!-- provideSSCSchoolName -->
  <testcase name="provideSSCPercentageValue" time="0.0" classname="whitefeather.xedge.testcases.FillUpApplicationForm">
    <ignored/>
  </testcase> <!-- provideSSCPercentageValue -->
  <testcase name="provideSSCRegNumber" time="0.0" classname="whitefeather.xedge.testcases.FillUpApplicationForm">
    <ignored/>
  </testcase> <!-- provideSSCRegNumber -->
  <testcase name="provideGuardiansName" time="0.0" classname="whitefeather.xedge.testcases.FillUpApplicationForm">
    <ignored/>
  </testcase> <!-- provideGuardiansName -->
  <testcase name="clickNextButtonStep3" time="0.0" classname="whitefeather.xedge.testcases.FillUpApplicationForm">
    <ignored/>
  </testcase> <!-- clickNextButtonStep3 -->
</testsuite> <!-- Staging QA Application Form Test Validations -->
