<?xml version="1.0" encoding="UTF-8"?>
<!-- Generated by org.testng.reporters.JUnitXMLReporter -->
<testsuite hostname="DESKTOP-TMQM6DS" ignored="2" name="Staging QA Test Validations" tests="121" failures="0" timestamp="28 Sep 2017 13:00:15 GMT" time="226.384" errors="0">
  <testcase name="openLoginPage" time="86.12" classname="whitefeather.xedge.testcases.OpenLoginPage"/>
  <testcase name="openForgotPasswordWindow" time="0.327" classname="whitefeather.xedge.testcases.ForgotPassword"/>
  <testcase name="verifyCompanyLogo" time="0.172" classname="whitefeather.xedge.testcases.ForgotPassword"/>
  <testcase name="verifyRecoveryLabel" time="0.064" classname="whitefeather.xedge.testcases.ForgotPassword"/>
  <testcase name="verifyRecoveryMessage" time="0.124" classname="whitefeather.xedge.testcases.ForgotPassword"/>
  <testcase name="verifyEmailInputBox" time="0.146" classname="whitefeather.xedge.testcases.ForgotPassword"/>
  <testcase name="verifyLoginLink" time="0.141" classname="whitefeather.xedge.testcases.ForgotPassword"/>
  <testcase name="enterRecoveryEmail" time="6.317" classname="whitefeather.xedge.testcases.ForgotPassword"/>
  <testcase name="verifyLoginPageBackground" time="1.075" classname="whitefeather.xedge.testcases.PerformLoginAction"/>
  <testcase name="verifyClientAccountLogo" time="0.082" classname="whitefeather.xedge.testcases.PerformLoginAction"/>
  <testcase name="verifyUsernameLabel" time="0.141" classname="whitefeather.xedge.testcases.PerformLoginAction"/>
  <testcase name="verifyUsernamePlaceholder" time="0.26" classname="whitefeather.xedge.testcases.PerformLoginAction"/>
  <testcase name="verifyPasswordLabel" time="0.105" classname="whitefeather.xedge.testcases.PerformLoginAction"/>
  <testcase name="verifyPasswordPlaceholder" time="0.11" classname="whitefeather.xedge.testcases.PerformLoginAction"/>
  <testcase name="verifyUsernameInputField" time="0.039" classname="whitefeather.xedge.testcases.PerformLoginAction"/>
  <testcase name="verifyPasswordInputField" time="0.079" classname="whitefeather.xedge.testcases.PerformLoginAction"/>
  <testcase name="verifyPasswordWrapper" time="0.114" classname="whitefeather.xedge.testcases.PerformLoginAction"/>
  <testcase name="enterLoginId" time="0.339" classname="whitefeather.xedge.testcases.PerformLoginAction"/>
  <testcase name="enterLoginPassword" time="0.117" classname="whitefeather.xedge.testcases.PerformLoginAction"/>
  <testcase name="verifyLoginButton" time="0.176" classname="whitefeather.xedge.testcases.PerformLoginAction"/>
  <testcase name="clickLoginButton" time="3.507" classname="whitefeather.xedge.testcases.PerformLoginAction"/>
  <testcase name="verifyCompanyLogoInHeader" time="0.169" classname="whitefeather.xedge.testcases.VerifyGlobalIcons"/>
  <testcase name="verifyGoButtonInGlobalSearchBar" time="0.152" classname="whitefeather.xedge.testcases.VerifyGlobalIcons"/>
  <testcase name="verifyOutStandingActivityIcon" time="0.195" classname="whitefeather.xedge.testcases.VerifyGlobalIcons"/>
  <testcase name="verifyOutStandingActivityCount" time="0.227" classname="whitefeather.xedge.testcases.VerifyGlobalIcons"/>
  <testcase name="verifyCounselorName" time="0.138" classname="whitefeather.xedge.testcases.VerifyGlobalIcons"/>
  <testcase name="verifyCounselorPhoto" time="0.273" classname="whitefeather.xedge.testcases.VerifyGlobalIcons"/>
  <testcase name="verifySignOutLink" time="0.147" classname="whitefeather.xedge.testcases.VerifyGlobalIcons"/>
  <testcase name="verifyBulkUploadIcon" time="0.243" classname="whitefeather.xedge.testcases.VerifyGlobalIcons"/>
  <testcase name="verifyAddLeadPlusIcon" time="0.13" classname="whitefeather.xedge.testcases.VerifyGlobalIcons"/>
  <testcase name="verifyJoyRideButton" time="3.057" classname="whitefeather.xedge.testcases.VerifyGlobalIcons"/>
  <testcase name="clickAddLeadPlusIcon" time="4.553" classname="whitefeather.xedge.testcases.AddNewLeadWithDefaultValues"/>
  <testcase name="enterEmailAddress" time="1.144" classname="whitefeather.xedge.testcases.AddNewLeadWithDefaultValues"/>
  <testcase name="enterMobileNumber" time="0.949" classname="whitefeather.xedge.testcases.AddNewLeadWithDefaultValues"/>
  <testcase name="clickAddLeadButton" time="0.365" classname="whitefeather.xedge.testcases.AddNewLeadWithDefaultValues"/>
  <testcase name="closeRHSPanel" time="4.71" classname="whitefeather.xedge.testcases.AddNewLeadWithDefaultValues"/>
  <testcase name="refreshWebPage" time="4.084" classname="whitefeather.xedge.testcases.Refresh_Page"/>
  <testcase name="clickAddLeadPlusIcon" time="4.552" classname="whitefeather.xedge.testcases.AddNewLeadWithAllValues"/>
  <testcase name="enterFirstName" time="1.438" classname="whitefeather.xedge.testcases.AddNewLeadWithAllValues"/>
  <testcase name="enterLastName" time="1.032" classname="whitefeather.xedge.testcases.AddNewLeadWithAllValues"/>
  <testcase name="enterEmailAddress" time="1.781" classname="whitefeather.xedge.testcases.AddNewLeadWithAllValues"/>
  <testcase name="enterMobileNumber" time="1.025" classname="whitefeather.xedge.testcases.AddNewLeadWithAllValues"/>
  <testcase name="enterHighestQualification" time="2.098" classname="whitefeather.xedge.testcases.AddNewLeadWithAllValues"/>
  <testcase name="selectSeason" time="0.516" classname="whitefeather.xedge.testcases.AddNewLeadWithAllValues"/>
  <testcase name="selectSource" time="0.535" classname="whitefeather.xedge.testcases.AddNewLeadWithAllValues"/>
  <testcase name="selectChannel" time="0.427" classname="whitefeather.xedge.testcases.AddNewLeadWithAllValues"/>
  <testcase name="selectPriority" time="0.38" classname="whitefeather.xedge.testcases.AddNewLeadWithAllValues"/>
  <testcase name="selectStatus" time="0.468" classname="whitefeather.xedge.testcases.AddNewLeadWithAllValues"/>
  <testcase name="selectReason" time="0.45" classname="whitefeather.xedge.testcases.AddNewLeadWithAllValues"/>
  <testcase name="selectReferredTo" time="0.415" classname="whitefeather.xedge.testcases.AddNewLeadWithAllValues"/>
  <testcase name="selectEntity1" time="0.468" classname="whitefeather.xedge.testcases.AddNewLeadWithAllValues"/>
  <testcase name="selectEntity2" time="0.379" classname="whitefeather.xedge.testcases.AddNewLeadWithAllValues"/>
  <testcase name="selectEntity3" time="0.436" classname="whitefeather.xedge.testcases.AddNewLeadWithAllValues"/>
  <testcase name="selectEntity4" time="0.471" classname="whitefeather.xedge.testcases.AddNewLeadWithAllValues"/>
  <testcase name="selectBestCall" time="0.421" classname="whitefeather.xedge.testcases.AddNewLeadWithAllValues"/>
  <testcase name="selectLeadQualified" time="0.495" classname="whitefeather.xedge.testcases.AddNewLeadWithAllValues"/>
  <testcase name="selectLeadContactable" time="0.444" classname="whitefeather.xedge.testcases.AddNewLeadWithAllValues"/>
  <testcase name="selectMobileVerified" time="0.45" classname="whitefeather.xedge.testcases.AddNewLeadWithAllValues"/>
  <testcase name="selectField1" time="0.432" classname="whitefeather.xedge.testcases.AddNewLeadWithAllValues"/>
  <testcase name="selectField2" time="0.416" classname="whitefeather.xedge.testcases.AddNewLeadWithAllValues"/>
  <testcase name="selectField3" time="0.457" classname="whitefeather.xedge.testcases.AddNewLeadWithAllValues"/>
  <testcase name="selectField4" time="0.433" classname="whitefeather.xedge.testcases.AddNewLeadWithAllValues"/>
  <testcase name="selectField5" time="0.476" classname="whitefeather.xedge.testcases.AddNewLeadWithAllValues"/>
  <testcase name="selectCountry" time="0.451" classname="whitefeather.xedge.testcases.AddNewLeadWithAllValues"/>
  <testcase name="selectState" time="0.452" classname="whitefeather.xedge.testcases.AddNewLeadWithAllValues"/>
  <testcase name="selectCity" time="0.437" classname="whitefeather.xedge.testcases.AddNewLeadWithAllValues"/>
  <testcase name="enterLeadComment" time="21.03" classname="whitefeather.xedge.testcases.AddNewLeadWithAllValues"/>
  <testcase name="clickAddLeadButton" time="0.27" classname="whitefeather.xedge.testcases.AddNewLeadWithAllValues"/>
  <testcase name="closeRHSPanel" time="4.684" classname="whitefeather.xedge.testcases.AddNewLeadWithAllValues"/>
  <testcase name="verifyGlobalSearchBar" time="0.061" classname="whitefeather.xedge.testcases.GlobalSearch"/>
  <testcase name="verifyGlobalSearchPlaceholder" time="0.061" classname="whitefeather.xedge.testcases.GlobalSearch"/>
  <testcase name="verifyLenseIcon" time="0.06" classname="whitefeather.xedge.testcases.GlobalSearch"/>
  <testcase name="verifyGoButton" time="0.059" classname="whitefeather.xedge.testcases.GlobalSearch"/>
  <testcase name="performGlobalSearch" time="5.132" classname="whitefeather.xedge.testcases.GlobalSearch"/>
  <testcase name="verifyDashboardURL" time="7.736" classname="whitefeather.xedge.testcases.UpcomingTasks"/>
  <testcase name="verifyRecentNewTabIsDisplayed" time="0.172" classname="whitefeather.xedge.testcases.UpcomingTasks"/>
  <testcase name="verifyRecentNewTabCount" time="3.828" classname="whitefeather.xedge.testcases.UpcomingTasks"/>
  <testcase name="verifyRecentOnlineTabIsDisplayed" time="0.08" classname="whitefeather.xedge.testcases.UpcomingTasks"/>
  <testcase name="verifyRecentOnlineTabCount" time="0.275" classname="whitefeather.xedge.testcases.UpcomingTasks"/>
  <testcase name="verifyUpcomingFollowupTabIsDisplayed" time="0.087" classname="whitefeather.xedge.testcases.UpcomingTasks"/>
  <testcase name="verifyUpcomingFollowupTabCount" time="0.295" classname="whitefeather.xedge.testcases.UpcomingTasks"/>
  <testcase name="verifyUpcomingWalkinsTabIsDisplayed" time="0.063" classname="whitefeather.xedge.testcases.UpcomingTasks"/>
  <testcase name="verifyUpcomingWalkinsTabCount" time="0.329" classname="whitefeather.xedge.testcases.UpcomingTasks"/>
  <testcase name="verifyHighPriorityTabIsDisplayed" time="0.084" classname="whitefeather.xedge.testcases.UpcomingTasks"/>
  <testcase name="verifyHighPriorityTabCount" time="0.248" classname="whitefeather.xedge.testcases.UpcomingTasks"/>
  <testcase name="verifyLeadListPageURL" time="3.273" classname="whitefeather.xedge.testcases.LeadList"/>
  <testcase name="verifyAllTabIsDisplayed" time="0.211" classname="whitefeather.xedge.testcases.LeadList"/>
  <testcase name="verifyAllTabCount" time="0.257" classname="whitefeather.xedge.testcases.LeadList"/>
  <testcase name="verifyNewTabIsDisplayed" time="0.064" classname="whitefeather.xedge.testcases.LeadList"/>
  <testcase name="verifyNewTabCount" time="0.276" classname="whitefeather.xedge.testcases.LeadList"/>
  <testcase name="verifyCallbackTabIsDisplayed" time="0.06" classname="whitefeather.xedge.testcases.LeadList"/>
  <testcase name="verifyCallbackTabCount" time="0.239" classname="whitefeather.xedge.testcases.LeadList"/>
  <testcase name="verifyWalkinTabIsDisplayed" time="0.068" classname="whitefeather.xedge.testcases.LeadList"/>
  <testcase name="verifyWalkinTabCount" time="0.263" classname="whitefeather.xedge.testcases.LeadList"/>
  <testcase name="verifyEnrolledTabIsDisplayed" time="0.085" classname="whitefeather.xedge.testcases.LeadList"/>
  <testcase name="verifyEnrolledTabCount" time="0.254" classname="whitefeather.xedge.testcases.LeadList"/>
  <testcase name="verifyClosedTabIsDisplayed" time="0.08" classname="whitefeather.xedge.testcases.LeadList"/>
  <testcase name="verifyClosedTabCount" time="0.257" classname="whitefeather.xedge.testcases.LeadList"/>
  <testcase name="verifyOnlineTabIsDisplayed" time="0.077" classname="whitefeather.xedge.testcases.LeadList"/>
  <testcase name="verifyOnlineTabCount" time="0.293" classname="whitefeather.xedge.testcases.LeadList"/>
  <testcase name="verifyReferredFromMeTabIsDisplayed" time="0.062" classname="whitefeather.xedge.testcases.LeadList"/>
  <testcase name="verifyReferredFromMeTabCount" time="0.31" classname="whitefeather.xedge.testcases.LeadList"/>
  <testcase name="verifyCampaignIconIsDisplayed" time="0.078" classname="whitefeather.xedge.testcases.LeadList"/>
  <testcase name="addNewCampaign" time="0.499" classname="whitefeather.xedge.testcases.LeadList"/>
  <testcase name="verifyReferAllLeadsIconIsDisplayed" time="0.076" classname="whitefeather.xedge.testcases.LeadList"/>
  <testcase name="referAllLeads" time="0.381" classname="whitefeather.xedge.testcases.LeadList"/>
  <testcase name="verifySendSMSToAllLeadsIconIsDisplayed" time="0.06" classname="whitefeather.xedge.testcases.LeadList"/>
  <testcase name="sendSMSToAllLeads" time="0.345" classname="whitefeather.xedge.testcases.LeadList"/>
  <testcase name="verifySendEmailToAllLeadsIconIsDisplayed" time="0.066" classname="whitefeather.xedge.testcases.LeadList"/>
  <testcase name="sendEmailToAllLeads" time="0.351" classname="whitefeather.xedge.testcases.LeadList"/>
  <testcase name="verifyRefreshLeadDataIconIsDisplayed" time="0.065" classname="whitefeather.xedge.testcases.LeadList"/>
  <testcase name="verifyDownloadDataIconIsDisplayed" time="0.065" classname="whitefeather.xedge.testcases.LeadList"/>
  <testcase name="downloadLeadsData" time="0.346" classname="whitefeather.xedge.testcases.LeadList"/>
  <testcase name="verifyFilterLeadsIconIsDisplayed" time="0.578" classname="whitefeather.xedge.testcases.LeadList"/>
  <testcase name="filterLeadsData" time="0.858" classname="whitefeather.xedge.testcases.LeadList"/>
  <testcase name="openEditLeadPanel" time="3.146" classname="whitefeather.xedge.testcases.EditLead"/>
  <testcase name="editFirstName" time="2.279" classname="whitefeather.xedge.testcases.EditLead"/>
  <testcase name="editLastName" time="1.305" classname="whitefeather.xedge.testcases.EditLead"/>
  <testcase name="editEmailAddress" time="1.067" classname="whitefeather.xedge.testcases.EditLead"/>
  <testcase name="clickAddLeadButton" time="0.197" classname="whitefeather.xedge.testcases.EditLead"/>
  <testcase name="endTestSuite" time="6.294" classname="whitefeather.xedge.testcases.EndTesting"/>
  <testcase name="refreshAllLeadsData" time="0.0" classname="whitefeather.xedge.testcases.LeadList">
    <ignored/>
  </testcase> <!-- refreshAllLeadsData -->
  <testcase name="verifySubmitButton" time="0.0" classname="whitefeather.xedge.testcases.ForgotPassword">
    <ignored/>
  </testcase> <!-- verifySubmitButton -->
</testsuite> <!-- Staging QA Test Validations -->
